  [1m[35m (5.1ms)[0m  [1m[35mCREATE TABLE "schema_migrations" ("version" character varying NOT NULL PRIMARY KEY)[0m
  [1m[35m (3.3ms)[0m  [1m[35mCREATE TABLE "ar_internal_metadata" ("key" character varying NOT NULL PRIMARY KEY, "value" character varying, "created_at" timestamp NOT NULL, "updated_at" timestamp NOT NULL)[0m
  [1m[35m (0.3ms)[0m  [1m[34mSELECT pg_try_advisory_lock(1353739318743931560)[0m
  [1m[35m (0.8ms)[0m  [1m[34mSELECT "schema_migrations"."version" FROM "schema_migrations" ORDER BY "schema_migrations"."version" ASC[0m
Migrating to CreateArticles (20171115194028)
  [1m[35m (0.3ms)[0m  [1m[35mBEGIN[0m
  [1m[35m (4.3ms)[0m  [1m[35mCREATE TABLE "articles" ("id" bigserial primary key, "title" character varying, "text" text, "created_at" timestamp NOT NULL, "updated_at" timestamp NOT NULL)[0m
  [1m[35mSQL (0.9ms)[0m  [1m[32mINSERT INTO "schema_migrations" ("version") VALUES ($1) RETURNING "version"[0m  [["version", "20171115194028"]]
  [1m[35m (0.5ms)[0m  [1m[35mCOMMIT[0m
Migrating to UpdateArticlesModel (20171115195109)
  [1m[35m (0.4ms)[0m  [1m[35mBEGIN[0m
  [1m[35m (0.5ms)[0m  [1m[35mALTER TABLE "articles" RENAME COLUMN "title" TO "name"[0m
  [1m[35m (0.4ms)[0m  [1m[35mALTER TABLE "articles" RENAME COLUMN "text" TO "content"[0m
  [1m[35m (0.5ms)[0m  [1m[35mALTER TABLE "articles" ADD "author_name" character varying[0m
  [1m[35m (1.2ms)[0m  [1m[35mALTER TABLE "articles" ADD "published_at" timestamp[0m
  [1m[35mSQL (0.5ms)[0m  [1m[32mINSERT INTO "schema_migrations" ("version") VALUES ($1) RETURNING "version"[0m  [["version", "20171115195109"]]
  [1m[35m (0.5ms)[0m  [1m[35mCOMMIT[0m
  [1m[36mActiveRecord::InternalMetadata Load (0.5ms)[0m  [1m[34mSELECT  "ar_internal_metadata".* FROM "ar_internal_metadata" WHERE "ar_internal_metadata"."key" = $1 LIMIT $2[0m  [["key", "environment"], ["LIMIT", 1]]
  [1m[35m (0.3ms)[0m  [1m[35mBEGIN[0m
  [1m[35mSQL (1.4ms)[0m  [1m[32mINSERT INTO "ar_internal_metadata" ("key", "value", "created_at", "updated_at") VALUES ($1, $2, $3, $4) RETURNING "key"[0m  [["key", "environment"], ["value", "development"], ["created_at", "2017-11-17 18:14:58.360123"], ["updated_at", "2017-11-17 18:14:58.360123"]]
  [1m[35m (0.4ms)[0m  [1m[35mCOMMIT[0m
  [1m[35m (0.4ms)[0m  [1m[34mSELECT pg_advisory_unlock(1353739318743931560)[0m
  [1m[35m (0.5ms)[0m  [1m[34mSELECT "schema_migrations"."version" FROM "schema_migrations" ORDER BY "schema_migrations"."version" ASC[0m
Started GET "/" for 127.0.0.1 at 2017-11-17 13:15:10 -0500
  [1m[35m (0.9ms)[0m  [1m[34mSELECT "schema_migrations"."version" FROM "schema_migrations" ORDER BY "schema_migrations"."version" ASC[0m
Processing by ArticlesController#index as HTML
  Rendering articles/index.html.erb within layouts/application
  [1m[36mArticle Load (0.9ms)[0m  [1m[34mSELECT "articles".* FROM "articles"[0m
  Rendered articles/index.html.erb within layouts/application (7.3ms)
Completed 200 OK in 197ms (Views: 188.8ms | ActiveRecord: 4.1ms)


Started GET "/articles/new" for 127.0.0.1 at 2017-11-17 13:15:25 -0500
Processing by ArticlesController#new as HTML
  Rendering articles/new.html.erb within layouts/application
  Rendered articles/_form.html.erb (27.7ms)
  Rendered articles/new.html.erb within layouts/application (29.7ms)
Completed 200 OK in 78ms (Views: 48.3ms | ActiveRecord: 11.6ms)


Started POST "/articles" for 127.0.0.1 at 2017-11-17 13:15:38 -0500
Processing by ArticlesController#create as HTML
  Parameters: {"utf8"=>"✓", "authenticity_token"=>"5oxeqCiHpG4jXStc0RB6ZUZJLAe+3NvtinyztA40kUS5RJl2Tw2vhr1izgrJajjrA0axgeZ+PFoWtIyCtQpERw==", "article"=>{"name"=>"Foo", "author_name"=>"Bar", "content"=>"Omniauth is a pretty simple solution if you want your users to authenticate using oauth and openid providers. Its based on the principle that \r\n\r\nEvery authentication system can essentially be boiled down into two \"phases\".\r\n\r\nRequest phase : we request information from the user that is necessary to complete authentication. This information may be POSTed to a URL or performed externally through an authentication process such as OpenID.\r\nCallback phase : In the Callback Phase, we receive an authenticated unique identifier that can differentiate this user from other users of the same authentication system. Additionally, we may provide user information that can be automatically harvested by the application to fill in the details of the authenticating user."}, "commit"=>"Create Article"}
  [1m[35m (0.2ms)[0m  [1m[35mBEGIN[0m
  [1m[35mSQL (1.1ms)[0m  [1m[32mINSERT INTO "articles" ("name", "content", "created_at", "updated_at", "author_name") VALUES ($1, $2, $3, $4, $5) RETURNING "id"[0m  [["name", "Foo"], ["content", "Omniauth is a pretty simple solution if you want your users to authenticate using oauth and openid providers. Its based on the principle that \r\n\r\nEvery authentication system can essentially be boiled down into two \"phases\".\r\n\r\nRequest phase : we request information from the user that is necessary to complete authentication. This information may be POSTed to a URL or performed externally through an authentication process such as OpenID.\r\nCallback phase : In the Callback Phase, we receive an authenticated unique identifier that can differentiate this user from other users of the same authentication system. Additionally, we may provide user information that can be automatically harvested by the application to fill in the details of the authenticating user."], ["created_at", "2017-11-17 18:15:38.215887"], ["updated_at", "2017-11-17 18:15:38.215887"], ["author_name", "Bar"]]
  [1m[35m (5.0ms)[0m  [1m[35mCOMMIT[0m
Redirected to http://localhost:3005/articles/1
Completed 302 Found in 11ms (ActiveRecord: 6.3ms)


Started GET "/articles/1" for 127.0.0.1 at 2017-11-17 13:15:38 -0500
Processing by ArticlesController#show as HTML
  Parameters: {"id"=>"1"}
  [1m[36mArticle Load (0.8ms)[0m  [1m[34mSELECT  "articles".* FROM "articles" WHERE "articles"."id" = $1 LIMIT $2[0m  [["id", 1], ["LIMIT", 1]]
  Rendering articles/show.html.erb within layouts/application
  Rendered articles/show.html.erb within layouts/application (0.7ms)
Completed 200 OK in 27ms (Views: 16.4ms | ActiveRecord: 1.1ms)


Started GET "/articles" for 127.0.0.1 at 2017-11-17 13:15:39 -0500
Processing by ArticlesController#index as HTML
  Rendering articles/index.html.erb within layouts/application
  [1m[36mArticle Load (0.4ms)[0m  [1m[34mSELECT "articles".* FROM "articles"[0m
  Rendered articles/index.html.erb within layouts/application (2.2ms)
Completed 200 OK in 18ms (Views: 15.4ms | ActiveRecord: 0.4ms)


  [1m[35m (1.1ms)[0m  [1m[34mSELECT "schema_migrations"."version" FROM "schema_migrations" ORDER BY "schema_migrations"."version" ASC[0m
  [1m[35m (0.3ms)[0m  [1m[35mBEGIN[0m
  [1m[35mSQL (0.8ms)[0m  [1m[32mINSERT INTO "articles" ("name", "content", "created_at", "updated_at", "author_name") VALUES ($1, $2, $3, $4, $5) RETURNING "id"[0m  [["name", "Foo"], ["content", "Omniauth is a pretty simple solution if you want your users to authenticate using oauth and openid providers. Its based on the principle that"], ["created_at", "2017-11-17 18:16:54.698415"], ["updated_at", "2017-11-17 18:16:54.698415"], ["author_name", "Bar"]]
  [1m[35m (1.5ms)[0m  [1m[35mCOMMIT[0m
Started GET "/articles/new" for 127.0.0.1 at 2017-11-17 13:17:01 -0500
  [1m[35m (1.4ms)[0m  [1m[34mSELECT "schema_migrations"."version" FROM "schema_migrations" ORDER BY "schema_migrations"."version" ASC[0m
Processing by ArticlesController#new as HTML
  Rendering articles/new.html.erb within layouts/application
  Rendered articles/_form.html.erb (19.0ms)
  Rendered articles/new.html.erb within layouts/application (21.7ms)
Completed 200 OK in 219ms (Views: 201.6ms | ActiveRecord: 5.6ms)


Started GET "/articles" for 127.0.0.1 at 2017-11-17 13:17:04 -0500
Processing by ArticlesController#index as HTML
  Rendering articles/index.html.erb within layouts/application
  [1m[36mArticle Load (0.9ms)[0m  [1m[34mSELECT "articles".* FROM "articles"[0m
  Rendered articles/index.html.erb within layouts/application (24.7ms)
Completed 200 OK in 73ms (Views: 58.0ms | ActiveRecord: 13.1ms)


